find_header: checking for prism.h in /home/kyle/Projects/active_plus_demo/vendor/bundle/ruby/3.3.0/gems/prism-1.7.0/include... -------------------- yes

LD_LIBRARY_PATH=.:/opt/rubies/ruby-3.3.10/lib "gcc -o conftest -I/opt/rubies/ruby-3.3.10/include/ruby-3.3.0/x86_64-linux -I/opt/rubies/ruby-3.3.10/include/ruby-3.3.0/ruby/backward -I/opt/rubies/ruby-3.3.10/include/ruby-3.3.0 -I.    -O3 -fno-fast-math -ggdb3 -Wall -Wextra -Wdeprecated-declarations -Wdiv-by-zero -Wduplicated-cond -Wimplicit-function-declaration -Wimplicit-int -Wpointer-arith -Wwrite-strings -Wold-style-definition -Wimplicit-fallthrough=0 -Wmissing-noreturn -Wno-cast-function-type -Wno-constant-logical-operand -Wno-long-long -Wno-missing-field-initializers -Wno-overlength-strings -Wno-packed-bitfield-compat -Wno-parentheses-equality -Wno-self-assign -Wno-tautological-compare -Wno-unused-parameter -Wno-unused-value -Wsuggest-attribute=format -Wsuggest-attribute=noreturn -Wunused-variable -Wmisleading-indentation -Wundef conftest.c  -L. -L/opt/rubies/ruby-3.3.10/lib -Wl,-rpath,/opt/rubies/ruby-3.3.10/lib -L. -fstack-protector-strong -rdynamic -Wl,-export-dynamic     -Wl,-rpath,/opt/rubies/ruby-3.3.10/lib -L/opt/rubies/ruby-3.3.10/lib -lruby-static -lz -lrt -lrt -ldl -lcrypt -lm -lpthread   -lm -lpthread  -lc"
checked program was:
/* begin */
1: #include "ruby.h"
2: 
3: int main(int argc, char **argv)
4: {
5:   return !!argv[argc];
6: }
/* end */

LD_LIBRARY_PATH=.:/opt/rubies/ruby-3.3.10/lib "gcc -I/opt/rubies/ruby-3.3.10/include/ruby-3.3.0/x86_64-linux -I/opt/rubies/ruby-3.3.10/include/ruby-3.3.0/ruby/backward -I/opt/rubies/ruby-3.3.10/include/ruby-3.3.0 -I.    -O3 -fno-fast-math -ggdb3 -Wall -Wextra -Wdeprecated-declarations -Wdiv-by-zero -Wduplicated-cond -Wimplicit-function-declaration -Wimplicit-int -Wpointer-arith -Wwrite-strings -Wold-style-definition -Wimplicit-fallthrough=0 -Wmissing-noreturn -Wno-cast-function-type -Wno-constant-logical-operand -Wno-long-long -Wno-missing-field-initializers -Wno-overlength-strings -Wno-packed-bitfield-compat -Wno-parentheses-equality -Wno-self-assign -Wno-tautological-compare -Wno-unused-parameter -Wno-unused-value -Wsuggest-attribute=format -Wsuggest-attribute=noreturn -Wunused-variable -Wmisleading-indentation -Wundef   -c conftest.c"
conftest.c:3:10: fatal error: prism.h: No such file or directory
    3 | #include <prism.h>
      |          ^~~~~~~~~
compilation terminated.
checked program was:
/* begin */
1: #include "ruby.h"
2: 
3: #include <prism.h>
/* end */

LD_LIBRARY_PATH=.:/opt/rubies/ruby-3.3.10/lib "gcc -I/opt/rubies/ruby-3.3.10/include/ruby-3.3.0/x86_64-linux -I/opt/rubies/ruby-3.3.10/include/ruby-3.3.0/ruby/backward -I/opt/rubies/ruby-3.3.10/include/ruby-3.3.0 -I.    -O3 -fno-fast-math -ggdb3 -Wall -Wextra -Wdeprecated-declarations -Wdiv-by-zero -Wduplicated-cond -Wimplicit-function-declaration -Wimplicit-int -Wpointer-arith -Wwrite-strings -Wold-style-definition -Wimplicit-fallthrough=0 -Wmissing-noreturn -Wno-cast-function-type -Wno-constant-logical-operand -Wno-long-long -Wno-missing-field-initializers -Wno-overlength-strings -Wno-packed-bitfield-compat -Wno-parentheses-equality -Wno-self-assign -Wno-tautological-compare -Wno-unused-parameter -Wno-unused-value -Wsuggest-attribute=format -Wsuggest-attribute=noreturn -Wunused-variable -Wmisleading-indentation -Wundef  -I/home/kyle/Projects/active_plus_demo/vendor/bundle/ruby/3.3.0/gems/prism-1.7.0/include -c conftest.c"
checked program was:
/* begin */
1: #include "ruby.h"
2: 
3: #include <prism.h>
/* end */

--------------------

find_header: checking for prism/extension.h in /home/kyle/Projects/active_plus_demo/vendor/bundle/ruby/3.3.0/gems/prism-1.7.0/ext... -------------------- yes

LD_LIBRARY_PATH=.:/opt/rubies/ruby-3.3.10/lib "gcc -I/opt/rubies/ruby-3.3.10/include/ruby-3.3.0/x86_64-linux -I/opt/rubies/ruby-3.3.10/include/ruby-3.3.0/ruby/backward -I/opt/rubies/ruby-3.3.10/include/ruby-3.3.0 -I. -I/home/kyle/Projects/active_plus_demo/vendor/bundle/ruby/3.3.0/gems/prism-1.7.0/include    -O3 -fno-fast-math -ggdb3 -Wall -Wextra -Wdeprecated-declarations -Wdiv-by-zero -Wduplicated-cond -Wimplicit-function-declaration -Wimplicit-int -Wpointer-arith -Wwrite-strings -Wold-style-definition -Wimplicit-fallthrough=0 -Wmissing-noreturn -Wno-cast-function-type -Wno-constant-logical-operand -Wno-long-long -Wno-missing-field-initializers -Wno-overlength-strings -Wno-packed-bitfield-compat -Wno-parentheses-equality -Wno-self-assign -Wno-tautological-compare -Wno-unused-parameter -Wno-unused-value -Wsuggest-attribute=format -Wsuggest-attribute=noreturn -Wunused-variable -Wmisleading-indentation -Wundef   -c conftest.c"
conftest.c:3:10: fatal error: prism/extension.h: No such file or directory
    3 | #include <prism/extension.h>
      |          ^~~~~~~~~~~~~~~~~~~
compilation terminated.
checked program was:
/* begin */
1: #include "ruby.h"
2: 
3: #include <prism/extension.h>
/* end */

LD_LIBRARY_PATH=.:/opt/rubies/ruby-3.3.10/lib "gcc -I/opt/rubies/ruby-3.3.10/include/ruby-3.3.0/x86_64-linux -I/opt/rubies/ruby-3.3.10/include/ruby-3.3.0/ruby/backward -I/opt/rubies/ruby-3.3.10/include/ruby-3.3.0 -I. -I/home/kyle/Projects/active_plus_demo/vendor/bundle/ruby/3.3.0/gems/prism-1.7.0/include    -O3 -fno-fast-math -ggdb3 -Wall -Wextra -Wdeprecated-declarations -Wdiv-by-zero -Wduplicated-cond -Wimplicit-function-declaration -Wimplicit-int -Wpointer-arith -Wwrite-strings -Wold-style-definition -Wimplicit-fallthrough=0 -Wmissing-noreturn -Wno-cast-function-type -Wno-constant-logical-operand -Wno-long-long -Wno-missing-field-initializers -Wno-overlength-strings -Wno-packed-bitfield-compat -Wno-parentheses-equality -Wno-self-assign -Wno-tautological-compare -Wno-unused-parameter -Wno-unused-value -Wsuggest-attribute=format -Wsuggest-attribute=noreturn -Wunused-variable -Wmisleading-indentation -Wundef  -I/home/kyle/Projects/active_plus_demo/vendor/bundle/ruby/3.3.0/gems/prism-1.7.0/ext -c conftest.c"
checked program was:
/* begin */
1: #include "ruby.h"
2: 
3: #include <prism/extension.h>
/* end */

--------------------

append_cflags: checking for whether -fvisibility=hidden is accepted as CFLAGS... -------------------- yes

LD_LIBRARY_PATH=.:/opt/rubies/ruby-3.3.10/lib "gcc -I/opt/rubies/ruby-3.3.10/include/ruby-3.3.0/x86_64-linux -I/opt/rubies/ruby-3.3.10/include/ruby-3.3.0/ruby/backward -I/opt/rubies/ruby-3.3.10/include/ruby-3.3.0 -I. -I/home/kyle/Projects/active_plus_demo/vendor/bundle/ruby/3.3.0/gems/prism-1.7.0/include -I/home/kyle/Projects/active_plus_demo/vendor/bundle/ruby/3.3.0/gems/prism-1.7.0/ext    -O3 -fno-fast-math -ggdb3 -Wall -Wextra -Wdeprecated-declarations -Wdiv-by-zero -Wduplicated-cond -Wimplicit-function-declaration -Wimplicit-int -Wpointer-arith -Wwrite-strings -Wold-style-definition -Wimplicit-fallthrough=0 -Wmissing-noreturn -Wno-cast-function-type -Wno-constant-logical-operand -Wno-long-long -Wno-missing-field-initializers -Wno-overlength-strings -Wno-packed-bitfield-compat -Wno-parentheses-equality -Wno-self-assign -Wno-tautological-compare -Wno-unused-parameter -Wno-unused-value -Wsuggest-attribute=format -Wsuggest-attribute=noreturn -Wunused-variable -Wmisleading-indentation -Wundef  -fvisibility=hidden -Werror -c conftest.c"
checked program was:
/* begin */
1: #include "ruby.h"
2: 
3: int main(int argc, char **argv)
4: {
5:   return !!argv[argc];
6: }
/* end */

--------------------

